Added Component: Designator=R1(RESC3413X04N)
Add component (AddParameter): Name = "Data"; Value = "16-12-2016"; VariantName = "[No Variations]"
Add component (AddParameter): Name = "Desc."; Value = "RES SMD 0805"; VariantName = "[No Variations]"
Add component (AddParameter): Name = "Designer"; Value = "Abbas Basereh"; VariantName = "[No Variations]"
Added Component: Designator=R2(RESC3413X04N)
Add component (AddParameter): Name = "Data"; Value = "16-12-2016"; VariantName = "[No Variations]"
Add component (AddParameter): Name = "Desc."; Value = "RES SMD 0805"; VariantName = "[No Variations]"
Add component (AddParameter): Name = "Designer"; Value = "Abbas Basereh"; VariantName = "[No Variations]"
Added Component: Designator=R3(RESC3413X04N)
Add component (AddParameter): Name = "Data"; Value = "16-12-2016"; VariantName = "[No Variations]"
Add component (AddParameter): Name = "Desc."; Value = "RES SMD 0805"; VariantName = "[No Variations]"
Add component (AddParameter): Name = "Designer"; Value = "Abbas Basereh"; VariantName = "[No Variations]"
Added Component: Designator=R4(RESC3413X04N)
Add component (AddParameter): Name = "Data"; Value = "16-12-2016"; VariantName = "[No Variations]"
Add component (AddParameter): Name = "Desc."; Value = "RES SMD 0805"; VariantName = "[No Variations]"
Add component (AddParameter): Name = "Designer"; Value = "Abbas Basereh"; VariantName = "[No Variations]"
Added Component: Designator=R5(RESC3413X04N)
Add component (AddParameter): Name = "Data"; Value = "16-12-2016"; VariantName = "[No Variations]"
Add component (AddParameter): Name = "Desc."; Value = "RES SMD 0805"; VariantName = "[No Variations]"
Add component (AddParameter): Name = "Designer"; Value = "Abbas Basereh"; VariantName = "[No Variations]"
Added Component: Designator=R6(RESC3413X04N)
Add component (AddParameter): Name = "Data"; Value = "16-12-2016"; VariantName = "[No Variations]"
Add component (AddParameter): Name = "Desc."; Value = "RES SMD 0805"; VariantName = "[No Variations]"
Add component (AddParameter): Name = "Designer"; Value = "Abbas Basereh"; VariantName = "[No Variations]"
Added Component: Designator=R7(RESC3413X04N)
Add component (AddParameter): Name = "Data"; Value = "16-12-2016"; VariantName = "[No Variations]"
Add component (AddParameter): Name = "Desc."; Value = "RES SMD 0805"; VariantName = "[No Variations]"
Add component (AddParameter): Name = "Designer"; Value = "Abbas Basereh"; VariantName = "[No Variations]"
Added Component: Designator=R8(RESC3413X04N)
Add component (AddParameter): Name = "Data"; Value = "16-12-2016"; VariantName = "[No Variations]"
Add component (AddParameter): Name = "Desc."; Value = "RES SMD 0805"; VariantName = "[No Variations]"
Add component (AddParameter): Name = "Designer"; Value = "Abbas Basereh"; VariantName = "[No Variations]"
Added Component: Designator=R9(RESC3413X04N)
Add component (AddParameter): Name = "Data"; Value = "16-12-2016"; VariantName = "[No Variations]"
Add component (AddParameter): Name = "Desc."; Value = "RES SMD 0805"; VariantName = "[No Variations]"
Add component (AddParameter): Name = "Designer"; Value = "Abbas Basereh"; VariantName = "[No Variations]"
Added Component: Designator=R10(RESC3413X04N)
Add component (AddParameter): Name = "Data"; Value = "16-12-2016"; VariantName = "[No Variations]"
Add component (AddParameter): Name = "Desc."; Value = "RES SMD 0805"; VariantName = "[No Variations]"
Add component (AddParameter): Name = "Designer"; Value = "Abbas Basereh"; VariantName = "[No Variations]"
Added Component: Designator=R11(RESC3413X04N)
Add component (AddParameter): Name = "Data"; Value = "16-12-2016"; VariantName = "[No Variations]"
Add component (AddParameter): Name = "Desc."; Value = "RES SMD 0805"; VariantName = "[No Variations]"
Add component (AddParameter): Name = "Designer"; Value = "Abbas Basereh"; VariantName = "[No Variations]"
Added Component: Designator=R12(RESC3413X04N)
Add component (AddParameter): Name = "Data"; Value = "16-12-2016"; VariantName = "[No Variations]"
Add component (AddParameter): Name = "Desc."; Value = "RES SMD 0805"; VariantName = "[No Variations]"
Add component (AddParameter): Name = "Designer"; Value = "Abbas Basereh"; VariantName = "[No Variations]"
Added Component: Designator=R13(RESC3413X04N)
Add component (AddParameter): Name = "Data"; Value = "16-12-2016"; VariantName = "[No Variations]"
Add component (AddParameter): Name = "Desc."; Value = "RES SMD 0805"; VariantName = "[No Variations]"
Add component (AddParameter): Name = "Designer"; Value = "Abbas Basereh"; VariantName = "[No Variations]"
Added Component: Designator=R14(RESC3413X04N)
Add component (AddParameter): Name = "Data"; Value = "16-12-2016"; VariantName = "[No Variations]"
Add component (AddParameter): Name = "Desc."; Value = "RES SMD 0805"; VariantName = "[No Variations]"
Add component (AddParameter): Name = "Designer"; Value = "Abbas Basereh"; VariantName = "[No Variations]"
Added Component: Designator=R15(RESC3413X04N)
Add component (AddParameter): Name = "Data"; Value = "16-12-2016"; VariantName = "[No Variations]"
Add component (AddParameter): Name = "Desc."; Value = "RES SMD 0805"; VariantName = "[No Variations]"
Add component (AddParameter): Name = "Designer"; Value = "Abbas Basereh"; VariantName = "[No Variations]"
Added Component: Designator=R16(RESC3413X04N)
Add component (AddParameter): Name = "Data"; Value = "16-12-2016"; VariantName = "[No Variations]"
Add component (AddParameter): Name = "Desc."; Value = "RES SMD 0805"; VariantName = "[No Variations]"
Add component (AddParameter): Name = "Designer"; Value = "Abbas Basereh"; VariantName = "[No Variations]"
Added Component: Designator=R17(RESC3413X04N)
Add component (AddParameter): Name = "Data"; Value = "16-12-2016"; VariantName = "[No Variations]"
Add component (AddParameter): Name = "Desc."; Value = "RES SMD 0805"; VariantName = "[No Variations]"
Add component (AddParameter): Name = "Designer"; Value = "Abbas Basereh"; VariantName = "[No Variations]"
Added Component: Designator=R18(RESC3413X04N)
Add component (AddParameter): Name = "Data"; Value = "16-12-2016"; VariantName = "[No Variations]"
Add component (AddParameter): Name = "Desc."; Value = "RES SMD 0805"; VariantName = "[No Variations]"
Add component (AddParameter): Name = "Designer"; Value = "Abbas Basereh"; VariantName = "[No Variations]"
Added Component: Designator=R19(RESC3413X04N)
Add component (AddParameter): Name = "Data"; Value = "16-12-2016"; VariantName = "[No Variations]"
Add component (AddParameter): Name = "Desc."; Value = "RES SMD 0805"; VariantName = "[No Variations]"
Add component (AddParameter): Name = "Designer"; Value = "Abbas Basereh"; VariantName = "[No Variations]"
Added Component: Designator=R20(RESC3413X04N)
Add component (AddParameter): Name = "Data"; Value = "16-12-2016"; VariantName = "[No Variations]"
Add component (AddParameter): Name = "Desc."; Value = "RES SMD 0805"; VariantName = "[No Variations]"
Add component (AddParameter): Name = "Designer"; Value = "Abbas Basereh"; VariantName = "[No Variations]"
Added Component: Designator=(IC_MULTIPOWERSO-30TR)
Add component (AddParameter): Name = "Availability"; Value = "Unavailable"; VariantName = "[No Variations]"
Add component (AddParameter): Name = "MF"; Value = "STMicroelectronics"; VariantName = "[No Variations]"
Add component (AddParameter): Name = "MP"; Value = "VNH5019A-E"; VariantName = "[No Variations]"
Add component (AddParameter): Name = "Package"; Value = "PowerSOP-30 STMicroelectronics"; VariantName = "[No Variations]"
Add component (AddParameter): Name = "Price"; Value = "None"; VariantName = "[No Variations]"
Add component (AddParameter): Name = "SnapEDA_Link"; Value = "https://www.snapeda.com/parts/VNH5019A-E/STMicroelectronics/view-part/231156/?ref=snap"; VariantName = "[No Variations]"
Add component (AddParameter): Name = "Value"; Value = ""; VariantName = "[No Variations]"
Added Component: Designator=(IC_MULTIPOWERSO-30TR)
Add component (AddParameter): Name = "Availability"; Value = "Unavailable"; VariantName = "[No Variations]"
Add component (AddParameter): Name = "MF"; Value = "STMicroelectronics"; VariantName = "[No Variations]"
Add component (AddParameter): Name = "MP"; Value = "VNH5019A-E"; VariantName = "[No Variations]"
Add component (AddParameter): Name = "Package"; Value = "PowerSOP-30 STMicroelectronics"; VariantName = "[No Variations]"
Add component (AddParameter): Name = "Price"; Value = "None"; VariantName = "[No Variations]"
Add component (AddParameter): Name = "SnapEDA_Link"; Value = "https://www.snapeda.com/parts/VNH5019A-E/STMicroelectronics/view-part/231156/?ref=snap"; VariantName = "[No Variations]"
Add component (AddParameter): Name = "Value"; Value = ""; VariantName = "[No Variations]"
Added Component: Designator=(IC_MULTIPOWERSO-30TR)
Add component (AddParameter): Name = "Availability"; Value = "Unavailable"; VariantName = "[No Variations]"
Add component (AddParameter): Name = "MF"; Value = "STMicroelectronics"; VariantName = "[No Variations]"
Add component (AddParameter): Name = "MP"; Value = "VNH5019A-E"; VariantName = "[No Variations]"
Add component (AddParameter): Name = "Package"; Value = "PowerSOP-30 STMicroelectronics"; VariantName = "[No Variations]"
Add component (AddParameter): Name = "Price"; Value = "None"; VariantName = "[No Variations]"
Add component (AddParameter): Name = "SnapEDA_Link"; Value = "https://www.snapeda.com/parts/VNH5019A-E/STMicroelectronics/view-part/231156/?ref=snap"; VariantName = "[No Variations]"
Add component (AddParameter): Name = "Value"; Value = ""; VariantName = "[No Variations]"
Added Component: Designator=(IC_MULTIPOWERSO-30TR)
Add component (AddParameter): Name = "Availability"; Value = "Unavailable"; VariantName = "[No Variations]"
Add component (AddParameter): Name = "MF"; Value = "STMicroelectronics"; VariantName = "[No Variations]"
Add component (AddParameter): Name = "MP"; Value = "VNH5019A-E"; VariantName = "[No Variations]"
Add component (AddParameter): Name = "Package"; Value = "PowerSOP-30 STMicroelectronics"; VariantName = "[No Variations]"
Add component (AddParameter): Name = "Price"; Value = "None"; VariantName = "[No Variations]"
Add component (AddParameter): Name = "SnapEDA_Link"; Value = "https://www.snapeda.com/parts/VNH5019A-E/STMicroelectronics/view-part/231156/?ref=snap"; VariantName = "[No Variations]"
Add component (AddParameter): Name = "Value"; Value = ""; VariantName = "[No Variations]"
Added Pin To Net: NetName=GND Pin=-18
Added Pin To Net: NetName=GND Pin=-18
Added Pin To Net: NetName=GND Pin=-18
Added Pin To Net: NetName=GND Pin=-18
Added Pin To Net: NetName=GND Pin=-19
Added Pin To Net: NetName=GND Pin=-19
Added Pin To Net: NetName=GND Pin=-19
Added Pin To Net: NetName=GND Pin=-19
Added Pin To Net: NetName=GND Pin=-20
Added Pin To Net: NetName=GND Pin=-20
Added Pin To Net: NetName=GND Pin=-20
Added Pin To Net: NetName=GND Pin=-20
Added Pin To Net: NetName=GND Pin=-26
Added Pin To Net: NetName=GND Pin=-26
Added Pin To Net: NetName=GND Pin=-26
Added Pin To Net: NetName=GND Pin=-26
Added Pin To Net: NetName=GND Pin=-27
Added Pin To Net: NetName=GND Pin=-27
Added Pin To Net: NetName=GND Pin=-27
Added Pin To Net: NetName=GND Pin=-27
Added Pin To Net: NetName=GND Pin=-28
Added Pin To Net: NetName=GND Pin=-28
Added Pin To Net: NetName=GND Pin=-28
Added Pin To Net: NetName=GND Pin=-28
Added Net: Name=GND
Added Pin To Net: NetName=MOTORS_EN Pin=R13-1
Added Pin To Net: NetName=MOTORS_EN Pin=R14-1
Added Pin To Net: NetName=MOTORS_EN Pin=R15-1
Added Pin To Net: NetName=MOTORS_EN Pin=R16-1
Added Pin To Net: NetName=MOTORS_EN Pin=R17-1
Added Pin To Net: NetName=MOTORS_EN Pin=R18-1
Added Pin To Net: NetName=MOTORS_EN Pin=R19-1
Added Pin To Net: NetName=MOTORS_EN Pin=R20-1
Added Net: Name=MOTORS_EN
Added Pin To Net: NetName=Net_4 Pin=-4
Added Pin To Net: NetName=Net_4 Pin=R4-2
Added Net: Name=Net_4
Add Net: Net with name "Net_4" already exists
Add Net: Net with name "Net_4" already exists
Add Net: Net with name "Net_4" already exists
Added Pin To Net: NetName=Net_5 Pin=-5
Added Pin To Net: NetName=Net_5 Pin=R16-2
Added Net: Name=Net_5
Add Net: Net with name "Net_5" already exists
Add Net: Net with name "Net_5" already exists
Add Net: Net with name "Net_5" already exists
Added Pin To Net: NetName=Net_7 Pin=-7
Added Pin To Net: NetName=Net_7 Pin=R9-2
Added Net: Name=Net_7
Add Net: Net with name "Net_7" already exists
Add Net: Net with name "Net_7" already exists
Add Net: Net with name "Net_7" already exists
Added Pin To Net: NetName=Net_9 Pin=-9
Added Pin To Net: NetName=Net_9 Pin=R17-2
Added Net: Name=Net_9
Add Net: Net with name "Net_9" already exists
Add Net: Net with name "Net_9" already exists
Add Net: Net with name "Net_9" already exists
Added Pin To Net: NetName=Net_10 Pin=-10
Added Pin To Net: NetName=Net_10 Pin=R8-2
Added Net: Name=Net_10
Add Net: Net with name "Net_10" already exists
Add Net: Net with name "Net_10" already exists
Add Net: Net with name "Net_10" already exists
Added Pin To Net: NetName=Net_25 Pin=-25
Added Pin To Net: NetName=Net_25 Pin=-HS2
Added Net: Name=Net_25
Added Pin To Net: NetName=VBAT Pin=-12
Added Pin To Net: NetName=VBAT Pin=-12
Added Pin To Net: NetName=VBAT Pin=-12
Added Pin To Net: NetName=VBAT Pin=-12
Added Net: Name=VBAT
Added Class: Name=ATWork2022
Added Room: Name=ATWork2022
