Added Component: Designator=P15(HDR1X4)
Add component (AddParameter): Name = "LatestRevisionDate"; Value = "17-Jul-2002"; VariantName = "[No Variations]"
Add component (AddParameter): Name = "LatestRevisionNote"; Value = "Re-released for DXP Platform."; VariantName = "[No Variations]"
Add component (AddParameter): Name = "Publisher"; Value = "Altium Limited"; VariantName = "[No Variations]"
Added Component: Designator=P16(HDR1X4)
Add component (AddParameter): Name = "LatestRevisionDate"; Value = "17-Jul-2002"; VariantName = "[No Variations]"
Add component (AddParameter): Name = "LatestRevisionNote"; Value = "Re-released for DXP Platform."; VariantName = "[No Variations]"
Add component (AddParameter): Name = "Publisher"; Value = "Altium Limited"; VariantName = "[No Variations]"
Added Component: Designator=P17(HDR1X4)
Add component (AddParameter): Name = "LatestRevisionDate"; Value = "17-Jul-2002"; VariantName = "[No Variations]"
Add component (AddParameter): Name = "LatestRevisionNote"; Value = "Re-released for DXP Platform."; VariantName = "[No Variations]"
Add component (AddParameter): Name = "Publisher"; Value = "Altium Limited"; VariantName = "[No Variations]"
Added Component: Designator=P18(HDR1X4)
Add component (AddParameter): Name = "LatestRevisionDate"; Value = "17-Jul-2002"; VariantName = "[No Variations]"
Add component (AddParameter): Name = "LatestRevisionNote"; Value = "Re-released for DXP Platform."; VariantName = "[No Variations]"
Add component (AddParameter): Name = "Publisher"; Value = "Altium Limited"; VariantName = "[No Variations]"
Added Component: Designator=R34(RESC3413X04N)
Add component (AddParameter): Name = "Data"; Value = "16-12-2016"; VariantName = "[No Variations]"
Add component (AddParameter): Name = "Desc."; Value = "RES SMD 0805"; VariantName = "[No Variations]"
Add component (AddParameter): Name = "Designer"; Value = "Abbas Basereh"; VariantName = "[No Variations]"
Added Component: Designator=R35(RESC3413X04N)
Add component (AddParameter): Name = "Data"; Value = "16-12-2016"; VariantName = "[No Variations]"
Add component (AddParameter): Name = "Desc."; Value = "RES SMD 0805"; VariantName = "[No Variations]"
Add component (AddParameter): Name = "Designer"; Value = "Abbas Basereh"; VariantName = "[No Variations]"
Added Component: Designator=T1(KF301 2PIN)
Add component (AddParameter): Name = "Designer"; Value = "Abbas Basereh"; VariantName = "[No Variations]"
Add component (AddParameter): Name = "Link"; Value = "https://www.aliexpress.com/item/"; VariantName = "[No Variations]"
Add component (AddParameter): Name = "Manufacturer"; Value = ""; VariantName = "[No Variations]"
Add component (AddParameter): Name = "Part. No"; Value = "KF301 2P"; VariantName = "[No Variations]"
Added Component: Designator=T2(KF301 2PIN)
Add component (AddParameter): Name = "Designer"; Value = "Abbas Basereh"; VariantName = "[No Variations]"
Add component (AddParameter): Name = "Link"; Value = "https://www.aliexpress.com/item/"; VariantName = "[No Variations]"
Add component (AddParameter): Name = "Manufacturer"; Value = ""; VariantName = "[No Variations]"
Add component (AddParameter): Name = "Part. No"; Value = "KF301 2P"; VariantName = "[No Variations]"
Added Component: Designator=T3(KF301 2PIN)
Add component (AddParameter): Name = "Designer"; Value = "Abbas Basereh"; VariantName = "[No Variations]"
Add component (AddParameter): Name = "Link"; Value = "https://www.aliexpress.com/item/"; VariantName = "[No Variations]"
Add component (AddParameter): Name = "Manufacturer"; Value = ""; VariantName = "[No Variations]"
Add component (AddParameter): Name = "Part. No"; Value = "KF301 2P"; VariantName = "[No Variations]"
Added Component: Designator=T4(KF301 2PIN)
Add component (AddParameter): Name = "Designer"; Value = "Abbas Basereh"; VariantName = "[No Variations]"
Add component (AddParameter): Name = "Link"; Value = "https://www.aliexpress.com/item/"; VariantName = "[No Variations]"
Add component (AddParameter): Name = "Manufacturer"; Value = ""; VariantName = "[No Variations]"
Add component (AddParameter): Name = "Part. No"; Value = "KF301 2P"; VariantName = "[No Variations]"
Added Pin To Net: NetName=I2C_SCL Pin=P15-1
Added Pin To Net: NetName=I2C_SDA Pin=P15-2
Added Pin To Net: NetName=GND Pin=P15-3
Added Pin To Net: NetName=VCC Pin=P15-4
Added Pin To Net: NetName=I2C_SCL Pin=P16-1
Added Pin To Net: NetName=I2C_SDA Pin=P16-2
Added Pin To Net: NetName=GND Pin=P16-3
Added Pin To Net: NetName=VCC Pin=P16-4
Added Pin To Net: NetName=UART2_RX Pin=P17-1
Added Pin To Net: NetName=UART2_TX Pin=P17-2
Added Pin To Net: NetName=GND Pin=P17-3
Added Pin To Net: NetName=VCC Pin=P17-4
Added Pin To Net: NetName=UART2_RX Pin=P18-1
Added Pin To Net: NetName=UART2_TX Pin=P18-2
Added Pin To Net: NetName=GND Pin=P18-3
Added Pin To Net: NetName=VCC Pin=P18-4
Added Pin To Net: NetName=I2C_SCL Pin=R34-1
Added Pin To Net: NetName=VCC Pin=R34-2
Added Pin To Net: NetName=I2C_SDA Pin=R35-1
Added Pin To Net: NetName=VCC Pin=R35-2
Added Pin To Net: NetName=OUT2_1 Pin=T1-1
Added Pin To Net: NetName=OUT1_1 Pin=T1-2
Added Pin To Net: NetName=OUT2_3 Pin=T2-1
Added Pin To Net: NetName=OUT1_3 Pin=T2-2
Added Pin To Net: NetName=OUT2_4 Pin=T3-1
Added Pin To Net: NetName=OUT1_4 Pin=T3-2
Added Pin To Net: NetName=OUT2_2 Pin=T4-1
Added Pin To Net: NetName=OUT1_2 Pin=T4-2
Added Member To Class: ClassName=ATWork2022 Member=Component P15 Header 4
Added Member To Class: ClassName=ATWork2022 Member=Component P16 Header 4
Added Member To Class: ClassName=ATWork2022 Member=Component P17 Header 4
Added Member To Class: ClassName=ATWork2022 Member=Component P18 Header 4
Added Member To Class: ClassName=ATWork2022 Member=Component R34 1K
Added Member To Class: ClassName=ATWork2022 Member=Component R35 1K
Added Member To Class: ClassName=ATWork2022 Member=Component T1 KF301_Terminal
Added Member To Class: ClassName=ATWork2022 Member=Component T2 KF301_Terminal
Added Member To Class: ClassName=ATWork2022 Member=Component T3 KF301_Terminal
Added Member To Class: ClassName=ATWork2022 Member=Component T4 KF301_Terminal
Added Room: Name=ATWork2022
