Added Component: Designator=C10(Cap SMD 100UF 35~50v)
Add component (AddParameter): Name = "Data"; Value = "2017-3-10"; VariantName = "[No Variations]"
Add component (AddParameter): Name = "Desc."; Value = "CAP SMD TOTAL PACKAGES"; VariantName = "[No Variations]"
Add component (AddParameter): Name = "Designer"; Value = "Abbas Basereh"; VariantName = "[No Variations]"
Add component (AddParameter): Name = "VALUE"; Value = "100nF"; VariantName = "[No Variations]"
Added Component: Designator=C11(CAPC4817X12N)
Add component (AddParameter): Name = "Data"; Value = "16-12-2016"; VariantName = "[No Variations]"
Add component (AddParameter): Name = "Desc."; Value = "CAP SMD 1206"; VariantName = "[No Variations]"
Add component (AddParameter): Name = "Designer"; Value = "Abbas Basereh"; VariantName = "[No Variations]"
Added Component: Designator=C12(CAPC4817X12N)
Add component (AddParameter): Name = "Data"; Value = "16-12-2016"; VariantName = "[No Variations]"
Add component (AddParameter): Name = "Desc."; Value = "CAP SMD 1206"; VariantName = "[No Variations]"
Add component (AddParameter): Name = "Designer"; Value = "Abbas Basereh"; VariantName = "[No Variations]"
Added Component: Designator=Y1(Crystal SMD)
Add component (AddParameter): Name = "Category"; Value = ""; VariantName = "[No Variations]"
Add component (AddParameter): Name = "Company"; Value = ""; VariantName = "[No Variations]"
Add component (AddParameter): Name = "ComponentLink1Description"; Value = "Datasheet"; VariantName = "[No Variations]"
Add component (AddParameter): Name = "ComponentLink1URL"; Value = ""; VariantName = "[No Variations]"
Add component (AddParameter): Name = "ComponentLink2Description"; Value = "Reference"; VariantName = "[No Variations]"
Add component (AddParameter): Name = "ComponentLink2URL"; Value = ""; VariantName = "[No Variations]"
Add component (AddParameter): Name = "Design Date"; Value = "2017-1-3"; VariantName = "[No Variations]"
Add component (AddParameter): Name = "Designer"; Value = "ABBAS BASEREH"; VariantName = "[No Variations]"
Add component (AddParameter): Name = "HelpURL"; Value = ""; VariantName = "[No Variations]"
Add component (AddParameter): Name = "Mounting Technology"; Value = "Surface Mount\Through-Hole"; VariantName = "[No Variations]"
Add component (AddParameter): Name = "PackageDescription"; Value = ""; VariantName = "[No Variations]"
Add component (AddParameter): Name = "Pin Count"; Value = ""; VariantName = "[No Variations]"
Add component (AddParameter): Name = "Publisher"; Value = ""; VariantName = "[No Variations]"
Add component (AddParameter): Name = "Status"; Value = "Unreleased"; VariantName = "[No Variations]"
Add component (AddParameter): Name = "Value"; Value = "12 MHz"; VariantName = "[No Variations]"
Added Pin To Net: NetName=VBAT Pin=C10-1
Added Pin To Net: NetName=GND Pin=C10-2
Added Pin To Net: NetName=GND Pin=C11-2
Added Pin To Net: NetName=GND Pin=C12-2
Added Pin To Net: NetName=ADC1 Pin=U5-11
Added Net: Name=ADC1
Added Pin To Net: NetName=ADC4 Pin=U5-14
Added Net: Name=ADC4
Added Pin To Net: NetName=ADC5 Pin=U5-15
Added Net: Name=ADC5
Added Pin To Net: NetName=ADC6 Pin=U5-16
Added Net: Name=ADC6
Added Pin To Net: NetName=ADC7 Pin=U5-17
Added Net: Name=ADC7
Added Pin To Net: NetName=ADC8 Pin=U5-18
Added Net: Name=ADC8
Added Pin To Net: NetName=ADC9 Pin=U5-19
Added Net: Name=ADC9
Added Pin To Net: NetName=OSC_IN Pin=C11-1
Added Pin To Net: NetName=OSC_IN Pin=U5-5
Added Pin To Net: NetName=OSC_IN Pin=Y1-2
Added Net: Name=OSC_IN
Added Pin To Net: NetName=OSC_OUT Pin=C12-1
Added Pin To Net: NetName=OSC_OUT Pin=U5-6
Added Pin To Net: NetName=OSC_OUT Pin=Y1-1
Added Net: Name=OSC_OUT
Added Member To Class: ClassName=ATWork2022 Member=Component C10 100nF
Added Member To Class: ClassName=ATWork2022 Member=Component C11 0.1uF
Added Member To Class: ClassName=ATWork2022 Member=Component C12 0.1uF
Added Member To Class: ClassName=ATWork2022 Member=Component Y1 12 MHz
Added Room: Name=ATWork2022
