Added Component: Designator=C13(CAPC4817X12N)
Add component (AddParameter): Name = "Data"; Value = "16-12-2016"; VariantName = "[No Variations]"
Add component (AddParameter): Name = "Desc."; Value = "CAP SMD 1206"; VariantName = "[No Variations]"
Add component (AddParameter): Name = "Designer"; Value = "Abbas Basereh"; VariantName = "[No Variations]"
Added Component: Designator=C14(CAPC4817X12N)
Add component (AddParameter): Name = "Data"; Value = "16-12-2016"; VariantName = "[No Variations]"
Add component (AddParameter): Name = "Desc."; Value = "CAP SMD 1206"; VariantName = "[No Variations]"
Add component (AddParameter): Name = "Designer"; Value = "Abbas Basereh"; VariantName = "[No Variations]"
Added Component: Designator=C15(CAPC4817X12N)
Add component (AddParameter): Name = "Data"; Value = "16-12-2016"; VariantName = "[No Variations]"
Add component (AddParameter): Name = "Desc."; Value = "CAP SMD 1206"; VariantName = "[No Variations]"
Add component (AddParameter): Name = "Designer"; Value = "Abbas Basereh"; VariantName = "[No Variations]"
Added Component: Designator=C16(CAPC4817X12N)
Add component (AddParameter): Name = "Data"; Value = "16-12-2016"; VariantName = "[No Variations]"
Add component (AddParameter): Name = "Desc."; Value = "CAP SMD 1206"; VariantName = "[No Variations]"
Add component (AddParameter): Name = "Designer"; Value = "Abbas Basereh"; VariantName = "[No Variations]"
Added Component: Designator=C17(CAPC4817X12N)
Add component (AddParameter): Name = "Data"; Value = "16-12-2016"; VariantName = "[No Variations]"
Add component (AddParameter): Name = "Desc."; Value = "CAP SMD 1206"; VariantName = "[No Variations]"
Add component (AddParameter): Name = "Designer"; Value = "Abbas Basereh"; VariantName = "[No Variations]"
Added Pin To Net: NetName=VCC Pin=C13-1
Added Pin To Net: NetName=GND Pin=C13-2
Added Pin To Net: NetName=VCC Pin=C14-1
Added Pin To Net: NetName=GND Pin=C14-2
Added Pin To Net: NetName=VCC Pin=C15-1
Added Pin To Net: NetName=GND Pin=C15-2
Added Pin To Net: NetName=VCC Pin=C16-1
Added Pin To Net: NetName=GND Pin=C16-2
Added Pin To Net: NetName=VCC Pin=C17-1
Added Pin To Net: NetName=GND Pin=C17-2
Added Member To Class: ClassName=ATWork2022 Member=Component C13 0.1uF
Added Member To Class: ClassName=ATWork2022 Member=Component C14 0.1uF
Added Member To Class: ClassName=ATWork2022 Member=Component C15 0.1uF
Added Member To Class: ClassName=ATWork2022 Member=Component C16 0.1uF
Added Member To Class: ClassName=ATWork2022 Member=Component C17 0.1uF
Added Room: Name=ATWork2022
